2021-12-1 17:22:11,  ########## Init Config File ##########
2021-12-1 17:22:11,  Dumpthread is nil,using default value 4

2021-12-1 17:22:11,  Loadthread is nil,using default value 10

2021-12-1 17:22:11,  数据行数校验并行协程数is nil,using default value 16(cpu num*2)

2021-12-1 17:22:11,  数据行数校验并行协程数is nil,using default value 16(cpu num*2)

2021-12-1 17:22:11,  
2021-12-1 17:22:11,  ########依赖环境检查########
2021-12-1 17:22:11,  ########依赖环境检查########
2021-12-1 17:22:48,  ########## Init Config File ##########
2021-12-1 17:22:48,  Dumpthread is nil,using default value 4

2021-12-1 17:22:48,  Loadthread is nil,using default value 10

2021-12-1 17:22:48,  数据行数校验并行协程数is nil,using default value 16(cpu num*2)

2021-12-1 17:22:48,  数据行数校验并行协程数is nil,using default value 16(cpu num*2)

2021-12-1 17:22:48,  
2021-12-1 17:22:48,  ########依赖环境检查########
2021-12-1 17:22:48,  ########依赖环境检查########
2021-12-6 11:48:13,  ########## Init Config File ##########
2021-12-6 11:48:13,  Dumpthread is nil,using default value 4

2021-12-6 11:48:13,  Loadthread is nil,using default value 10

2021-12-6 11:48:13,  数据行数校验并行协程数is nil,using default value 16(cpu num*2)

2021-12-6 11:48:13,  数据行数校验并行协程数is nil,using default value 16(cpu num*2)

2021-12-6 11:48:13,  
2021-12-6 11:48:13,  ########依赖环境检查########
2021-12-6 11:48:13,  ########依赖环境检查########
2021-12-6 11:48:27,  ########## Init Config File ##########
2021-12-6 11:48:27,  Dumpthread is nil,using default value 4

2021-12-6 11:48:27,  Loadthread is nil,using default value 10

2021-12-6 11:48:27,  数据行数校验并行协程数is nil,using default value 16(cpu num*2)

2021-12-6 11:48:27,  数据行数校验并行协程数is nil,using default value 16(cpu num*2)

2021-12-6 11:48:27,  
2021-12-6 11:48:27,  ########依赖环境检查########
2021-12-6 11:48:27,  ########依赖环境检查########
2021-12-6 11:48:50,  ########## Init Config File ##########
2021-12-6 11:48:50,  Dumpthread is nil,using default value 4

2021-12-6 11:48:50,  Loadthread is nil,using default value 10

2021-12-6 11:48:50,  数据行数校验并行协程数is nil,using default value 16(cpu num*2)

2021-12-6 11:48:50,  数据行数校验并行协程数is nil,using default value 16(cpu num*2)

2021-12-6 11:48:50,  
2021-12-6 11:48:50,  ########依赖环境检查########
2021-12-6 11:48:50,  ########依赖环境检查########
2021-12-6 11:48:53,  ########## Init Config File ##########
2021-12-6 11:48:53,  Dumpthread is nil,using default value 4

2021-12-6 11:48:53,  Loadthread is nil,using default value 10

2021-12-6 11:48:53,  数据行数校验并行协程数is nil,using default value 16(cpu num*2)

2021-12-6 11:48:53,  数据行数校验并行协程数is nil,using default value 16(cpu num*2)

2021-12-6 11:48:53,  
2021-12-6 11:48:53,  ########依赖环境检查########
2021-12-6 11:48:53,  ########依赖环境检查########
2021-12-6 11:49:58,  ########## Init Config File ##########
2021-12-6 11:49:58,  Dumpthread is nil,using default value 4

2021-12-6 11:49:58,  Loadthread is nil,using default value 10

2021-12-6 11:49:58,  数据行数校验并行协程数is nil,using default value 16(cpu num*2)

2021-12-6 11:49:58,  数据行数校验并行协程数is nil,using default value 16(cpu num*2)

2021-12-6 11:49:58,  
2021-12-6 11:49:58,  ########依赖环境检查########
2021-12-6 11:49:58,  ########依赖环境检查########
2021-12-6 11:51:24,  ########## Init Config File ##########
2021-12-6 11:51:24,  Dumpthread is nil,using default value 4

2021-12-6 11:51:24,  Loadthread is nil,using default value 10

2021-12-6 11:51:24,  数据行数校验并行协程数is nil,using default value 16(cpu num*2)

2021-12-6 11:51:24,  数据行数校验并行协程数is nil,using default value 16(cpu num*2)

2021-12-6 11:51:24,  
2021-12-6 11:51:24,  ########依赖环境检查########
2021-12-6 11:51:24,  ########依赖环境检查########
2021-12-6 11:53:4,  ########## Init Config File ##########
2021-12-6 11:54:34,  ########## Init Config File ##########
2021-12-6 11:55:20,  ########## Init Config File ##########
2021-12-6 11:55:30,  ########## Init Config File ##########
2021-12-6 11:55:33,  ########## Init Config File ##########
2021-12-6 12:5:1,  ########## Init Config File ##########
2021-12-6 12:5:1,  Dumpthread is nil,using default value 4

2021-12-6 12:5:1,  Loadthread is nil,using default value 10

2021-12-6 12:5:1,  数据行数校验并行协程数is nil,using default value 16(cpu num*2)

2021-12-6 12:5:1,  数据行数校验并行协程数is nil,using default value 16(cpu num*2)

2021-12-6 12:5:1,  
2021-12-6 12:5:1,  ########依赖环境检查########
2021-12-6 12:5:1,  ########依赖环境检查########
2021-12-6 12:6:58,  ########## Init Config File ##########
2021-12-6 12:6:58,  Dumpthread is nil,using default value 4

2021-12-6 12:6:58,  Loadthread is nil,using default value 10

2021-12-6 12:6:58,  数据行数校验并行协程数is nil,using default value 16(cpu num*2)

2021-12-6 12:6:58,  数据行数校验并行协程数is nil,using default value 16(cpu num*2)

2021-12-6 12:6:58,  
2021-12-6 12:6:58,  ########依赖环境检查########
2021-12-6 12:6:58,  ########依赖环境检查########
2021-12-6 12:7:4,  ########## Init Config File ##########
2021-12-6 12:7:4,  Dumpthread is nil,using default value 4

2021-12-6 12:7:4,  Loadthread is nil,using default value 10

2021-12-6 12:7:4,  数据行数校验并行协程数is nil,using default value 16(cpu num*2)

2021-12-6 12:7:4,  数据行数校验并行协程数is nil,using default value 16(cpu num*2)

2021-12-6 12:7:4,  
2021-12-6 12:7:4,  ########依赖环境检查########
2021-12-6 12:7:4,  ########依赖环境检查########
2021-12-6 12:7:48,  ########## Init Config File ##########
2021-12-6 12:7:48,  Dumpthread is nil,using default value 4

2021-12-6 12:7:48,  Loadthread is nil,using default value 10

2021-12-6 12:7:48,  数据行数校验并行协程数is nil,using default value 16(cpu num*2)

2021-12-6 12:7:48,  数据行数校验并行协程数is nil,using default value 16(cpu num*2)

2021-12-6 12:7:48,  
2021-12-6 12:7:48,  ########依赖环境检查########
2021-12-6 12:7:48,  ########依赖环境检查########
2021-12-6 12:7:49,  ########## Init Config File ##########
2021-12-6 12:7:49,  Dumpthread is nil,using default value 4

2021-12-6 12:7:49,  Loadthread is nil,using default value 10

2021-12-6 12:7:49,  数据行数校验并行协程数is nil,using default value 16(cpu num*2)

2021-12-6 12:7:49,  数据行数校验并行协程数is nil,using default value 16(cpu num*2)

2021-12-6 12:7:49,  
2021-12-6 12:7:49,  ########依赖环境检查########
2021-12-6 12:7:49,  ########依赖环境检查########
2021-12-6 12:7:52,  ########## Init Config File ##########
2021-12-6 12:7:52,  Dumpthread is nil,using default value 4

2021-12-6 12:7:52,  Loadthread is nil,using default value 10

2021-12-6 12:7:52,  数据行数校验并行协程数is nil,using default value 16(cpu num*2)

2021-12-6 12:7:52,  数据行数校验并行协程数is nil,using default value 16(cpu num*2)

2021-12-6 12:7:52,  
2021-12-6 12:7:52,  ########依赖环境检查########
2021-12-6 12:7:52,  ########依赖环境检查########
2021-12-6 12:7:58,  ########## Init Config File ##########
2021-12-6 12:8:3,  ########## Init Config File ##########
2021-12-6 13:20:4,  ########## Init Config File ##########
